<?xml version="1.0" encoding="UTF-8"?>
<!-- Generated by org.testng.reporters.JUnitXMLReporter -->
<testsuite hostname="IN-6C1D5S3" failures="0" tests="5" name="Default test" time="23.534" errors="0" timestamp="7 May 2024 17:13:52 GMT">
  <testcase classname="com.nagarro.testclasses.TestClass1" name="addProductsToShoppingCart" time="5.659"/>
  <testcase classname="com.nagarro.testclasses.TestClass1" name="validateShoppingCartItems" time="4.274"/>
  <testcase classname="com.nagarro.testclasses.TestClass1" name="updateLocationPin" time="0.868"/>
  <testcase classname="com.nagarro.testclasses.TestClass1" name="validatesUpdatedLocation" time="0.067"/>
  <testcase classname="com.nagarro.testclasses.TestClass1" name="usersSignin" time="5.943"/>
</testsuite> <!-- Default test -->
