<?xml version="1.0" encoding="UTF-8"?>
<!-- Generated by org.testng.reporters.JUnitXMLReporter -->
<testsuite hostname="IN-6C1D5S3" failures="0" tests="5" name="Default test" time="19.173" errors="0" timestamp="7 May 2024 17:28:21 GMT">
  <testcase classname="com.nagarro.testclasses.TestClass1" name="addProductsToShoppingCart" time="4.485"/>
  <testcase classname="com.nagarro.testclasses.TestClass1" name="validateShoppingCartItems" time="4.624"/>
  <testcase classname="com.nagarro.testclasses.TestClass1" name="updateLocationPin" time="0.723"/>
  <testcase classname="com.nagarro.testclasses.TestClass1" name="validatesUpdatedLocation" time="0.043"/>
  <testcase classname="com.nagarro.testclasses.TestClass1" name="usersSignin" time="2.743"/>
</testsuite> <!-- Default test -->
