<?xml version="1.0" encoding="UTF-8"?>
<testng-results total="5" passed="5" failed="0" skipped="0">
  <reporter-output>
    <line>
      <![CDATA[Running test on chrome browser]]>
    </line>
    <line>
      <![CDATA[Searching for iphone 11]]>
    </line>
    <line>
      <![CDATA[Searched iphone 11 and added to the shopping cart]]>
    </line>
    <line>
      <![CDATA[Searching for canon camera]]>
    </line>
    <line>
      <![CDATA[Searched canon camera and added to the shopping cart]]>
    </line>
    <line>
      <![CDATA[Checking for items in the shopping cart]]>
    </line>
    <line>
      <![CDATA[found items in shopping cart and clicked on proceed to check out]]>
    </line>
    <line>
      <![CDATA[Click on Signin]]>
    </line>
    <line>
      <![CDATA[Entered pin to update location]]>
    </line>
    <line>
      <![CDATA[Checking for Updated Location]]>
    </line>
    <line>
      <![CDATA[found that location is not updated]]>
    </line>
    <line>
      <![CDATA[Click on Signin]]>
    </line>
    <line>
      <![CDATA[Entered user email and password ]]>
    </line>
  </reporter-output>
  <suite started-at="2024-05-07T17:13:28Z" name="Default suite" finished-at="2024-05-07T17:13:52Z" duration-ms="23534">
    <groups>
    </groups>
    <test started-at="2024-05-07T17:13:28Z" name="Default test" finished-at="2024-05-07T17:13:52Z" duration-ms="23534">
      <class name="com.nagarro.testclasses.TestClass1">
        <test-method is-config="true" signature="setUp()[pri:0, instance:com.nagarro.testclasses.TestClass1@71e9ebae]" started-at="2024-05-07T22:43:28Z" name="setUp" finished-at="2024-05-07T22:43:35Z" duration-ms="6141" status="PASS">
          <reporter-output>
            <line>
              <![CDATA[Running test on chrome browser]]>
            </line>
          </reporter-output>
        </test-method> <!-- setUp -->
        <test-method signature="addProductsToShoppingCart(java.lang.String, java.lang.String)[pri:0, instance:com.nagarro.testclasses.TestClass1@71e9ebae]" started-at="2024-05-07T22:43:35Z" name="addProductsToShoppingCart" data-provider="productData" finished-at="2024-05-07T22:43:40Z" duration-ms="5659" status="PASS">
          <params>
            <param index="0">
              <value>
                <![CDATA[iphone 11]]>
              </value>
            </param>
            <param index="1">
              <value>
                <![CDATA[canon camera]]>
              </value>
            </param>
          </params>
          <reporter-output>
            <line>
              <![CDATA[Searching for iphone 11]]>
            </line>
            <line>
              <![CDATA[Searched iphone 11 and added to the shopping cart]]>
            </line>
            <line>
              <![CDATA[Searching for canon camera]]>
            </line>
            <line>
              <![CDATA[Searched canon camera and added to the shopping cart]]>
            </line>
          </reporter-output>
        </test-method> <!-- addProductsToShoppingCart -->
        <test-method is-config="true" signature="applyWaits()[pri:0, instance:com.nagarro.testclasses.TestClass1@71e9ebae]" started-at="2024-05-07T22:43:40Z" name="applyWaits" finished-at="2024-05-07T22:43:40Z" duration-ms="65" status="PASS">
          <reporter-output>
          </reporter-output>
        </test-method> <!-- applyWaits -->
        <test-method signature="validateShoppingCartItems()[pri:0, instance:com.nagarro.testclasses.TestClass1@71e9ebae]" started-at="2024-05-07T22:43:40Z" name="validateShoppingCartItems" finished-at="2024-05-07T22:43:45Z" duration-ms="4274" status="PASS">
          <reporter-output>
            <line>
              <![CDATA[Checking for items in the shopping cart]]>
            </line>
            <line>
              <![CDATA[found items in shopping cart and clicked on proceed to check out]]>
            </line>
          </reporter-output>
        </test-method> <!-- validateShoppingCartItems -->
        <test-method is-config="true" signature="applyWaits()[pri:0, instance:com.nagarro.testclasses.TestClass1@71e9ebae]" started-at="2024-05-07T22:43:45Z" name="applyWaits" finished-at="2024-05-07T22:43:45Z" duration-ms="55" status="PASS">
          <reporter-output>
          </reporter-output>
        </test-method> <!-- applyWaits -->
        <test-method signature="updateLocationPin(java.lang.String)[pri:0, instance:com.nagarro.testclasses.TestClass1@71e9ebae]" started-at="2024-05-07T22:43:45Z" name="updateLocationPin" data-provider="locationData" finished-at="2024-05-07T22:43:45Z" duration-ms="868" status="PASS">
          <params>
            <param index="0">
              <value>
                <![CDATA[250110]]>
              </value>
            </param>
          </params>
          <reporter-output>
            <line>
              <![CDATA[Click on Signin]]>
            </line>
            <line>
              <![CDATA[Entered pin to update location]]>
            </line>
          </reporter-output>
        </test-method> <!-- updateLocationPin -->
        <test-method is-config="true" signature="applyWaits()[pri:0, instance:com.nagarro.testclasses.TestClass1@71e9ebae]" started-at="2024-05-07T22:43:45Z" name="applyWaits" finished-at="2024-05-07T22:43:45Z" duration-ms="52" status="PASS">
          <reporter-output>
          </reporter-output>
        </test-method> <!-- applyWaits -->
        <test-method signature="validatesUpdatedLocation()[pri:0, instance:com.nagarro.testclasses.TestClass1@71e9ebae]" started-at="2024-05-07T22:43:45Z" name="validatesUpdatedLocation" finished-at="2024-05-07T22:43:46Z" duration-ms="67" status="PASS">
          <reporter-output>
            <line>
              <![CDATA[Checking for Updated Location]]>
            </line>
            <line>
              <![CDATA[found that location is not updated]]>
            </line>
          </reporter-output>
        </test-method> <!-- validatesUpdatedLocation -->
        <test-method is-config="true" signature="applyWaits()[pri:0, instance:com.nagarro.testclasses.TestClass1@71e9ebae]" started-at="2024-05-07T22:43:46Z" name="applyWaits" finished-at="2024-05-07T22:43:46Z" duration-ms="40" status="PASS">
          <reporter-output>
          </reporter-output>
        </test-method> <!-- applyWaits -->
        <test-method signature="usersSignin(java.lang.String, java.lang.String)[pri:0, instance:com.nagarro.testclasses.TestClass1@71e9ebae]" started-at="2024-05-07T22:43:46Z" name="usersSignin" data-provider="userData" finished-at="2024-05-07T22:43:52Z" duration-ms="5943" status="PASS">
          <params>
            <param index="0">
              <value>
                <![CDATA[user@gmail.com]]>
              </value>
            </param>
            <param index="1">
              <value>
                <![CDATA[passowrd]]>
              </value>
            </param>
          </params>
          <reporter-output>
            <line>
              <![CDATA[Click on Signin]]>
            </line>
            <line>
              <![CDATA[Entered user email and password ]]>
            </line>
          </reporter-output>
        </test-method> <!-- usersSignin -->
        <test-method is-config="true" signature="applyWaits()[pri:0, instance:com.nagarro.testclasses.TestClass1@71e9ebae]" started-at="2024-05-07T22:43:52Z" name="applyWaits" finished-at="2024-05-07T22:43:52Z" duration-ms="33" status="PASS">
          <reporter-output>
          </reporter-output>
        </test-method> <!-- applyWaits -->
        <test-method is-config="true" signature="tearDown()[pri:0, instance:com.nagarro.testclasses.TestClass1@71e9ebae]" started-at="2024-05-07T22:43:52Z" name="tearDown" finished-at="2024-05-07T22:43:52Z" duration-ms="314" status="PASS">
          <reporter-output>
          </reporter-output>
        </test-method> <!-- tearDown -->
      </class> <!-- com.nagarro.testclasses.TestClass1 -->
    </test> <!-- Default test -->
  </suite> <!-- Default suite -->
</testng-results>
