<?xml version="1.0" encoding="UTF-8"?>
<testng-results total="5" passed="5" failed="0" skipped="0">
  <reporter-output>
    <line>
      <![CDATA[Running test on chrome browser]]>
    </line>
    <line>
      <![CDATA[Searching for iphone 11]]>
    </line>
    <line>
      <![CDATA[Searched iphone 11 and added to the shopping cart]]>
    </line>
    <line>
      <![CDATA[Searching for canon camera]]>
    </line>
    <line>
      <![CDATA[Searched canon camera and added to the shopping cart]]>
    </line>
    <line>
      <![CDATA[Checking for items in the shopping cart]]>
    </line>
    <line>
      <![CDATA[found items in shopping cart and clicked on proceed to check out]]>
    </line>
    <line>
      <![CDATA[Click on Signin]]>
    </line>
    <line>
      <![CDATA[Entered pin to update location]]>
    </line>
    <line>
      <![CDATA[Checking for Updated Location]]>
    </line>
    <line>
      <![CDATA[found that location is not updated]]>
    </line>
    <line>
      <![CDATA[Click on Signin]]>
    </line>
    <line>
      <![CDATA[Entered user email and password ]]>
    </line>
  </reporter-output>
  <suite started-at="2024-05-07T17:28:02Z" name="Default suite" finished-at="2024-05-07T17:28:21Z" duration-ms="19173">
    <groups>
    </groups>
    <test started-at="2024-05-07T17:28:02Z" name="Default test" finished-at="2024-05-07T17:28:21Z" duration-ms="19173">
      <class name="com.nagarro.testclasses.TestClass1">
        <test-method is-config="true" signature="setUp()[pri:0, instance:com.nagarro.testclasses.TestClass1@71e9ebae]" started-at="2024-05-07T22:58:02Z" name="setUp" finished-at="2024-05-07T22:58:06Z" duration-ms="4195" status="PASS">
          <reporter-output>
            <line>
              <![CDATA[Running test on chrome browser]]>
            </line>
          </reporter-output>
        </test-method> <!-- setUp -->
        <test-method signature="addProductsToShoppingCart(java.lang.String, java.lang.String)[pri:0, instance:com.nagarro.testclasses.TestClass1@71e9ebae]" started-at="2024-05-07T22:58:06Z" name="addProductsToShoppingCart" data-provider="productData" finished-at="2024-05-07T22:58:11Z" duration-ms="4485" status="PASS">
          <params>
            <param index="0">
              <value>
                <![CDATA[iphone 11]]>
              </value>
            </param>
            <param index="1">
              <value>
                <![CDATA[canon camera]]>
              </value>
            </param>
          </params>
          <reporter-output>
            <line>
              <![CDATA[Searching for iphone 11]]>
            </line>
            <line>
              <![CDATA[Searched iphone 11 and added to the shopping cart]]>
            </line>
            <line>
              <![CDATA[Searching for canon camera]]>
            </line>
            <line>
              <![CDATA[Searched canon camera and added to the shopping cart]]>
            </line>
          </reporter-output>
        </test-method> <!-- addProductsToShoppingCart -->
        <test-method is-config="true" signature="applyWaits()[pri:0, instance:com.nagarro.testclasses.TestClass1@71e9ebae]" started-at="2024-05-07T22:58:11Z" name="applyWaits" finished-at="2024-05-07T22:58:11Z" duration-ms="106" status="PASS">
          <reporter-output>
          </reporter-output>
        </test-method> <!-- applyWaits -->
        <test-method signature="validateShoppingCartItems()[pri:0, instance:com.nagarro.testclasses.TestClass1@71e9ebae]" started-at="2024-05-07T22:58:11Z" name="validateShoppingCartItems" finished-at="2024-05-07T22:58:15Z" duration-ms="4624" status="PASS">
          <reporter-output>
            <line>
              <![CDATA[Checking for items in the shopping cart]]>
            </line>
            <line>
              <![CDATA[found items in shopping cart and clicked on proceed to check out]]>
            </line>
          </reporter-output>
        </test-method> <!-- validateShoppingCartItems -->
        <test-method is-config="true" signature="applyWaits()[pri:0, instance:com.nagarro.testclasses.TestClass1@71e9ebae]" started-at="2024-05-07T22:58:15Z" name="applyWaits" finished-at="2024-05-07T22:58:15Z" duration-ms="56" status="PASS">
          <reporter-output>
          </reporter-output>
        </test-method> <!-- applyWaits -->
        <test-method signature="updateLocationPin(java.lang.String)[pri:0, instance:com.nagarro.testclasses.TestClass1@71e9ebae]" started-at="2024-05-07T22:58:15Z" name="updateLocationPin" data-provider="locationData" finished-at="2024-05-07T22:58:16Z" duration-ms="723" status="PASS">
          <params>
            <param index="0">
              <value>
                <![CDATA[250110]]>
              </value>
            </param>
          </params>
          <reporter-output>
            <line>
              <![CDATA[Click on Signin]]>
            </line>
            <line>
              <![CDATA[Entered pin to update location]]>
            </line>
          </reporter-output>
        </test-method> <!-- updateLocationPin -->
        <test-method is-config="true" signature="applyWaits()[pri:0, instance:com.nagarro.testclasses.TestClass1@71e9ebae]" started-at="2024-05-07T22:58:16Z" name="applyWaits" finished-at="2024-05-07T22:58:16Z" duration-ms="56" status="PASS">
          <reporter-output>
          </reporter-output>
        </test-method> <!-- applyWaits -->
        <test-method signature="validatesUpdatedLocation()[pri:0, instance:com.nagarro.testclasses.TestClass1@71e9ebae]" started-at="2024-05-07T22:58:16Z" name="validatesUpdatedLocation" finished-at="2024-05-07T22:58:16Z" duration-ms="43" status="PASS">
          <reporter-output>
            <line>
              <![CDATA[Checking for Updated Location]]>
            </line>
            <line>
              <![CDATA[found that location is not updated]]>
            </line>
          </reporter-output>
        </test-method> <!-- validatesUpdatedLocation -->
        <test-method is-config="true" signature="applyWaits()[pri:0, instance:com.nagarro.testclasses.TestClass1@71e9ebae]" started-at="2024-05-07T22:58:16Z" name="applyWaits" finished-at="2024-05-07T22:58:16Z" duration-ms="45" status="PASS">
          <reporter-output>
          </reporter-output>
        </test-method> <!-- applyWaits -->
        <test-method signature="usersSignin(java.lang.String, java.lang.String)[pri:0, instance:com.nagarro.testclasses.TestClass1@71e9ebae]" started-at="2024-05-07T22:58:16Z" name="usersSignin" data-provider="userData" finished-at="2024-05-07T22:58:19Z" duration-ms="2743" status="PASS">
          <params>
            <param index="0">
              <value>
                <![CDATA[user@gmail.com]]>
              </value>
            </param>
            <param index="1">
              <value>
                <![CDATA[passowrd]]>
              </value>
            </param>
          </params>
          <reporter-output>
            <line>
              <![CDATA[Click on Signin]]>
            </line>
            <line>
              <![CDATA[Entered user email and password ]]>
            </line>
          </reporter-output>
        </test-method> <!-- usersSignin -->
        <test-method is-config="true" signature="applyWaits()[pri:0, instance:com.nagarro.testclasses.TestClass1@71e9ebae]" started-at="2024-05-07T22:58:19Z" name="applyWaits" finished-at="2024-05-07T22:58:21Z" duration-ms="1714" status="PASS">
          <reporter-output>
          </reporter-output>
        </test-method> <!-- applyWaits -->
        <test-method is-config="true" signature="tearDown()[pri:0, instance:com.nagarro.testclasses.TestClass1@71e9ebae]" started-at="2024-05-07T22:58:21Z" name="tearDown" finished-at="2024-05-07T22:58:21Z" duration-ms="352" status="PASS">
          <reporter-output>
          </reporter-output>
        </test-method> <!-- tearDown -->
      </class> <!-- com.nagarro.testclasses.TestClass1 -->
    </test> <!-- Default test -->
  </suite> <!-- Default suite -->
</testng-results>
